<?xml version="1.0" encoding="UTF-8"?>
<!-- Generated by org.testng.reporters.JUnitXMLReporter -->
<testsuite ignored="0" hostname="SanManu" failures="0" tests="5" name="Default test" time="0.046" errors="0" timestamp="2022-02-26T00:41:14 CST">
  <testcase classname="Fizzbuzz" name="test1" time="0.012"/>
  <testcase classname="Fizzbuzz" name="test2" time="0.0"/>
  <testcase classname="Fizzbuzz" name="test3" time="0.001"/>
  <testcase classname="Fizzbuzz" name="test4" time="0.002"/>
  <testcase classname="Fizzbuzz" name="test5" time="0.001"/>
</testsuite> <!-- Default test -->
