<?xml version="1.0" encoding="UTF-8"?>
<testng-results ignored="0" total="2" passed="2" failed="0" skipped="0">
  <reporter-output>
  </reporter-output>
  <suite started-at="2022-05-06T14:45:37 CDT" name="Default suite" finished-at="2022-05-06T14:45:37 CDT" duration-ms="37">
    <groups>
    </groups>
    <test started-at="2022-05-06T14:45:37 CDT" name="Default test" finished-at="2022-05-06T14:45:37 CDT" duration-ms="37">
      <class name="programs.vowelsubstrings">
        <test-method signature="test1()[pri:0, instance:programs.vowelsubstrings@63a12c68]" started-at="2022-05-06T14:45:37 CDT" name="test1" finished-at="2022-05-06T14:45:37 CDT" duration-ms="8" status="PASS">
          <reporter-output>
          </reporter-output>
        </test-method> <!-- test1 -->
        <test-method signature="test2()[pri:0, instance:programs.vowelsubstrings@63a12c68]" started-at="2022-05-06T14:45:37 CDT" name="test2" finished-at="2022-05-06T14:45:37 CDT" duration-ms="1" status="PASS">
          <reporter-output>
          </reporter-output>
        </test-method> <!-- test2 -->
      </class> <!-- programs.vowelsubstrings -->
    </test> <!-- Default test -->
  </suite> <!-- Default suite -->
</testng-results>
