<?xml version="1.0" encoding="UTF-8"?>
<testng-results ignored="0" total="1" passed="1" failed="0" skipped="0">
  <reporter-output>
  </reporter-output>
  <suite started-at="2022-04-29T12:19:58 CDT" name="Default suite" finished-at="2022-04-29T12:19:58 CDT" duration-ms="25">
    <groups>
    </groups>
    <test started-at="2022-04-29T12:19:58 CDT" name="Default test" finished-at="2022-04-29T12:19:58 CDT" duration-ms="25">
      <class name="programs.commonelementsinarray">
        <test-method signature="test1()[pri:0, instance:programs.commonelementsinarray@63a12c68]" started-at="2022-04-29T12:19:58 CDT" name="test1" finished-at="2022-04-29T12:19:58 CDT" duration-ms="6" status="PASS">
          <reporter-output>
          </reporter-output>
        </test-method> <!-- test1 -->
      </class> <!-- programs.commonelementsinarray -->
    </test> <!-- Default test -->
  </suite> <!-- Default suite -->
</testng-results>
